CPLEX 12.6.0.1: mipdisplay=2
MIP Presolve eliminated 13 rows and 19 columns.
MIP Presolve modified 24 coefficients.
Reduced MIP has 18 rows, 22 columns, and 105 nonzeros.
Reduced MIP has 21 binaries, 0 generals, 0 SOSs, and 0 indicators.
Found incumbent of value 70.166667 after 0.00 sec. (0.40 ticks)
Probing fixed 3 vars, tightened 0 bounds.
Probing time = 0.00 sec. (0.01 ticks)
MIP Presolve eliminated 3 rows and 6 columns.
Reduced MIP has 15 rows, 16 columns, and 84 nonzeros.
Reduced MIP has 15 binaries, 0 generals, 0 SOSs, and 0 indicators.
Probing time = 0.00 sec. (0.01 ticks)
Reduced MIP has 15 rows, 16 columns, and 84 nonzeros.
Reduced MIP has 15 binaries, 0 generals, 0 SOSs, and 0 indicators.
Probing time = 0.00 sec. (0.01 ticks)
Clique table members: 6.
MIP emphasis: balance optimality and feasibility.
MIP search method: dynamic search.
Parallel mode: deterministic, using up to 4 threads.
Root relaxation solution time = 0.00 sec. (0.03 ticks)

        Nodes                                         Cuts/
   Node  Left     Objective  IInf  Best Integer    Best Bound    ItCnt     Gap

*     0+    0                           70.1667        0.0000        7  100.00%
*     0+    0                           12.3333        0.0000        7  100.00%
      0     0        0.0000     6       12.3333        0.0000        7  100.00%
*     0+    0                            7.3333        0.0000        7  100.00%
      0     0        0.0000     7        7.3333       Cuts: 9       21  100.00%
*     0+    0                            5.6667        0.0000       21  100.00%
      0     0        0.7748     8        5.6667      Cuts: 13       41   86.33%
      0     0        0.7860     9        5.6667   Flowcuts: 2       43   86.13%
*     0+    0                            5.3333        0.7860       43   85.26%
      0     0        1.0207    10        5.3333       Cuts: 3       52   80.86%
      0     0        1.8823     9        5.3333       Cuts: 4       60   64.71%
      0     0        1.9062    10        5.3333       Cuts: 3       62   64.26%
      0     0        2.1811    11        5.3333      Cuts: 10       70   59.10%
      0     0        cutoff              5.3333        5.3333       70    0.00%
Elapsed time = 0.01 sec. (1.76 ticks, tree = 0.00 MB)

Flow cuts applied:  4
Mixed integer rounding cuts applied:  2
Zero-half cuts applied:  1
Gomory fractional cuts applied:  1

Root node processing (before b&c):
  Real time             =    0.01 sec. (1.76 ticks)
Parallel b&c, 4 threads:
  Real time             =    0.00 sec. (0.00 ticks)
  Sync time (average)   =    0.00 sec.
  Wait time (average)   =    0.00 sec.
                          ------------
Total (root+branch&cut) =    0.01 sec. (1.76 ticks)
CPLEX 12.6.0.1: optimal integer solution; objective 5.333333333
70 MIP simplex iterations
0 branch-and-bound nodes
x [*,*]
:      1   2   3    :=
AA01   0   1   0
FE03   1   0   0
FE04   0   0   1
IE12   0   0   1
IE23   0   0   1
IE33   0   1   0
MA01   0   1   0
MA02   0   0   1
ME25   1   0   0
ME33   1   0   0
PH03   1   0   0
PH04   0   1   0
;

